# JRE version: OpenJDK Runtime Environment Temurin-17.0.10+7 (17.0.10+7) (build 17.0.10+7)
# Java VM: OpenJDK 64-Bit Server VM Temurin-17.0.10+7 (17.0.10+7, mixed mode, emulated-client, tiered, compressed oops, compressed class ptrs, g1 gc, windows-amd64)
GC Precious Log:
 CPUs: 6 total, 6 available
 Memory: 7549M
 Large Page Support: Disabled
 NUMA Support: Disabled
 Compressed Oops: Enabled (32-bit)
 Heap Region Size: 1M
 Heap Min Capacity: 8M
 Heap Initial Capacity: 118M
 Heap Max Capacity: 1G
 Pre-touch: Disabled
 Parallel Workers: 6
 Concurrent Workers: 2
 Concurrent Refinement Workers: 6
 Periodic GC: Disabled
Heap:
 garbage-first heap   total 86016K, used 24719K [0x00000000c0000000, 0x0000000100000000)
  region size 1024K, 1 young (1024K), 0 survivors (0K)
 Metaspace       used 39249K, committed 39808K, reserved 1114112K
  class space    used 5201K, committed 5440K, reserved 1048576K
GC Heap History (20 events):
Event: 1518.637 GC heap before
{Heap before GC invocations=102 (full 95):
 garbage-first heap   total 86016K, used 24721K [0x00000000c0000000, 0x0000000100000000)
  region size 1024K, 1 young (1024K), 0 survivors (0K)
 Metaspace       used 39249K, committed 39808K, reserved 1114112K
  class space    used 5201K, committed 5440K, reserved 1048576K
}
Event: 1518.660 GC heap after
{Heap after GC invocations=103 (full 96):
 garbage-first heap   total 86016K, used 24721K [0x00000000c0000000, 0x0000000100000000)
  region size 1024K, 0 young (0K), 0 survivors (0K)
 Metaspace       used 39249K, committed 39808K, reserved 1114112K
  class space    used 5201K, committed 5440K, reserved 1048576K
}
Event: 1529.802 GC heap before
{Heap before GC invocations=103 (full 96):
 garbage-first heap   total 86016K, used 24721K [0x00000000c0000000, 0x0000000100000000)
  region size 1024K, 1 young (1024K), 0 survivors (0K)
 Metaspace       used 39249K, committed 39808K, reserved 1114112K
  class space    used 5201K, committed 5440K, reserved 1048576K
}
Event: 1529.830 GC heap after
{Heap after GC invocations=104 (full 97):
 garbage-first heap   total 86016K, used 24721K [0x00000000c0000000, 0x0000000100000000)
  region size 1024K, 0 young (0K), 0 survivors (0K)
 Metaspace       used 39249K, committed 39808K, reserved 1114112K
  class space    used 5201K, committed 5440K, reserved 1048576K
}
Event: 1540.092 GC heap before
{Heap before GC invocations=104 (full 97):
 garbage-first heap   total 86016K, used 24721K [0x00000000c0000000, 0x0000000100000000)
  region size 1024K, 1 young (1024K), 0 survivors (0K)
 Metaspace       used 39249K, committed 39808K, reserved 1114112K
  class space    used 5201K, committed 5440K, reserved 1048576K
}
Event: 1540.121 GC heap after
{Heap after GC invocations=105 (full 98):
 garbage-first heap   total 86016K, used 24721K [0x00000000c0000000, 0x0000000100000000)
  region size 1024K, 0 young (0K), 0 survivors (0K)
 Metaspace       used 39249K, committed 39808K, reserved 1114112K
  class space    used 5201K, committed 5440K, reserved 1048576K
}
Event: 1551.262 GC heap before
{Heap before GC invocations=105 (full 98):
 garbage-first heap   total 86016K, used 24721K [0x00000000c0000000, 0x0000000100000000)
  region size 1024K, 1 young (1024K), 0 survivors (0K)
 Metaspace       used 39249K, committed 39808K, reserved 1114112K
  class space    used 5201K, committed 5440K, reserved 1048576K
}
Event: 1551.282 GC heap after
{Heap after GC invocations=106 (full 99):
 garbage-first heap   total 86016K, used 24721K [0x00000000c0000000, 0x0000000100000000)
  region size 1024K, 0 young (0K), 0 survivors (0K)
 Metaspace       used 39249K, committed 39808K, reserved 1114112K
  class space    used 5201K, committed 5440K, reserved 1048576K
}
Event: 1561.506 GC heap before
{Heap before GC invocations=106 (full 99):
 garbage-first heap   total 86016K, used 24721K [0x00000000c0000000, 0x0000000100000000)
  region size 1024K, 1 young (1024K), 0 survivors (0K)
 Metaspace       used 39249K, committed 39808K, reserved 1114112K
  class space    used 5201K, committed 5440K, reserved 1048576K
}
Event: 1561.533 GC heap after
{Heap after GC invocations=107 (full 100):
 garbage-first heap   total 86016K, used 24719K [0x00000000c0000000, 0x0000000100000000)
  region size 1024K, 0 young (0K), 0 survivors (0K)
 Metaspace       used 39249K, committed 39808K, reserved 1114112K
  class space    used 5201K, committed 5440K, reserved 1048576K
}
Event: 1571.774 GC heap before
{Heap before GC invocations=107 (full 100):
 garbage-first heap   total 86016K, used 24719K [0x00000000c0000000, 0x0000000100000000)
  region size 1024K, 1 young (1024K), 0 survivors (0K)
 Metaspace       used 39249K, committed 39808K, reserved 1114112K
  class space    used 5201K, committed 5440K, reserved 1048576K
}
Event: 1571.795 GC heap after
{Heap after GC invocations=108 (full 101):
 garbage-first heap   total 86016K, used 24719K [0x00000000c0000000, 0x0000000100000000)
  region size 1024K, 0 young (0K), 0 survivors (0K)
 Metaspace       used 39249K, committed 39808K, reserved 1114112K
  class space    used 5201K, committed 5440K, reserved 1048576K
}
Event: 1582.057 GC heap before
{Heap before GC invocations=108 (full 101):
 garbage-first heap   total 86016K, used 24719K [0x00000000c0000000, 0x0000000100000000)
  region size 1024K, 1 young (1024K), 0 survivors (0K)
 Metaspace       used 39249K, committed 39808K, reserved 1114112K
  class space    used 5201K, committed 5440K, reserved 1048576K
}
Event: 1582.096 GC heap after
{Heap after GC invocations=109 (full 102):
 garbage-first heap   total 86016K, used 24719K [0x00000000c0000000, 0x0000000100000000)
  region size 1024K, 0 young (0K), 0 survivors (0K)
 Metaspace       used 39249K, committed 39808K, reserved 1114112K
  class space    used 5201K, committed 5440K, reserved 1048576K
}
Event: 1592.310 GC heap before
{Heap before GC invocations=109 (full 102):
 garbage-first heap   total 86016K, used 24719K [0x00000000c0000000, 0x0000000100000000)
  region size 1024K, 1 young (1024K), 0 survivors (0K)
 Metaspace       used 39249K, committed 39808K, reserved 1114112K
  class space    used 5201K, committed 5440K, reserved 1048576K
}
Event: 1592.339 GC heap after
{Heap after GC invocations=110 (full 103):
 garbage-first heap   total 86016K, used 24719K [0x00000000c0000000, 0x0000000100000000)
  region size 1024K, 0 young (0K), 0 survivors (0K)
 Metaspace       used 39249K, committed 39808K, reserved 1114112K
  class space    used 5201K, committed 5440K, reserved 1048576K
}
Event: 1603.474 GC heap before
{Heap before GC invocations=110 (full 103):
 garbage-first heap   total 86016K, used 24719K [0x00000000c0000000, 0x0000000100000000)
  region size 1024K, 1 young (1024K), 0 survivors (0K)
 Metaspace       used 39249K, committed 39808K, reserved 1114112K
  class space    used 5201K, committed 5440K, reserved 1048576K
}
Event: 1603.502 GC heap after
{Heap after GC invocations=111 (full 104):
 garbage-first heap   total 86016K, used 24719K [0x00000000c0000000, 0x0000000100000000)
  region size 1024K, 0 young (0K), 0 survivors (0K)
 Metaspace       used 39249K, committed 39808K, reserved 1114112K
  class space    used 5201K, committed 5440K, reserved 1048576K
}
Event: 1613.844 GC heap before
{Heap before GC invocations=111 (full 104):
 garbage-first heap   total 86016K, used 24719K [0x00000000c0000000, 0x0000000100000000)
  region size 1024K, 1 young (1024K), 0 survivors (0K)
 Metaspace       used 39249K, committed 39808K, reserved 1114112K
  class space    used 5201K, committed 5440K, reserved 1048576K
}
Event: 1613.865 GC heap after
{Heap after GC invocations=112 (full 105):
 garbage-first heap   total 86016K, used 24719K [0x00000000c0000000, 0x0000000100000000)
  region size 1024K, 0 young (0K), 0 survivors (0K)
 Metaspace       used 39249K, committed 39808K, reserved 1114112K
  class space    used 5201K, committed 5440K, reserved 1048576K
}

